<?xml version="1.0" encoding="UTF-8"?>
<!-- Generated by org.testng.reporters.JUnitXMLReporter -->
<testsuite ignored="5" hostname="LAPTOP-VNBA3OG5" failures="0" tests="1" name="Default test" time="0.065" errors="0" timestamp="2021-09-26T23:40:52 CDT">
  <testcase classname="TestcasesFor3parameters._TestcasesFor3parameters.valiadte3inputs" name="maxw2" time="0.012"/>
  <testcase classname="TestcasesFor3parameters._TestcasesFor3parameters.valiadte3inputs" name="maxw" time="0.0">
    <ignored/>
  </testcase> <!-- maxw -->
  <testcase classname="TestcasesFor3parameters._TestcasesFor3parameters.valiadte3inputs" name="maxl2" time="0.0">
    <ignored/>
  </testcase> <!-- maxl2 -->
  <testcase classname="TestcasesFor3parameters._TestcasesFor3parameters.valiadte3inputs" name="maxh" time="0.0">
    <ignored/>
  </testcase> <!-- maxh -->
  <testcase classname="TestcasesFor3parameters._TestcasesFor3parameters.valiadte3inputs" name="maxL" time="0.0">
    <ignored/>
  </testcase> <!-- maxL -->
  <testcase classname="TestcasesFor3parameters._TestcasesFor3parameters.valiadte3inputs" name="maxh2" time="0.0">
    <ignored/>
  </testcase> <!-- maxh2 -->
</testsuite> <!-- Default test -->
